This is pdfTeX, Version 3.14159265-2.6-1.40.17 (TeX Live 2016) (preloaded format=pdflatex 2017.2.25)  16 MAR 2017 03:51
entering extended mode
 \write18 enabled.
 %&-line parsing enabled.
**CorpLangPosterLargeFont.tex
(./CorpLangPosterLargeFont.tex
LaTeX2e <2017/01/01> patch level 3
Babel <3.9r> and hyphenation patterns for 83 language(s) loaded.
(/usr/local/texlive/2016/texmf-dist/tex/latex/base/fix-cm.sty
Package: fix-cm 2015/01/14 v1.1t fixes to LaTeX

(/usr/local/texlive/2016/texmf-dist/tex/latex/base/ts1enc.def
File: ts1enc.def 2001/06/05 v3.0e (jk/car/fm) Standard LaTeX file
))
(/usr/local/texlive/2016/texmf-dist/tex/latex/base/article.cls
Document Class: article 2014/09/29 v1.4h Standard LaTeX document class
(/usr/local/texlive/2016/texmf-dist/tex/latex/base/size12.clo
File: size12.clo 2014/09/29 v1.4h Standard LaTeX file (size option)
)
\c@part=\count79
\c@section=\count80
\c@subsection=\count81
\c@subsubsection=\count82
\c@paragraph=\count83
\c@subparagraph=\count84
\c@figure=\count85
\c@table=\count86
\abovecaptionskip=\skip41
\belowcaptionskip=\skip42
\bibindent=\dimen102
)
(/usr/local/texlive/2016/texmf-dist/tex/latex/geometry/geometry.sty
Package: geometry 2010/09/12 v5.6 Page Geometry

(/usr/local/texlive/2016/texmf-dist/tex/latex/graphics/keyval.sty
Package: keyval 2014/10/28 v1.15 key=value parser (DPC)
\KV@toks@=\toks14
)
(/usr/local/texlive/2016/texmf-dist/tex/generic/oberdiek/ifpdf.sty
Package: ifpdf 2016/05/14 v3.1 Provides the ifpdf switch
)
(/usr/local/texlive/2016/texmf-dist/tex/generic/oberdiek/ifvtex.sty
Package: ifvtex 2016/05/16 v1.6 Detect VTeX and its facilities (HO)
Package ifvtex Info: VTeX not detected.
)
(/usr/local/texlive/2016/texmf-dist/tex/generic/ifxetex/ifxetex.sty
Package: ifxetex 2010/09/12 v0.6 Provides ifxetex conditional
)
\Gm@cnth=\count87
\Gm@cntv=\count88
\c@Gm@tempcnt=\count89
\Gm@bindingoffset=\dimen103
\Gm@wd@mp=\dimen104
\Gm@odd@mp=\dimen105
\Gm@even@mp=\dimen106
\Gm@layoutwidth=\dimen107
\Gm@layoutheight=\dimen108
\Gm@layouthoffset=\dimen109
\Gm@layoutvoffset=\dimen110
\Gm@dimlist=\toks15
)
(/usr/local/texlive/2016/texmf-dist/tex/latex/changepage/changepage.sty
Package: changepage 2009/10/20 v1.0c check page and change page layout
\c@cp@cntr=\count90
\cp@tempcnt=\count91
)
(/usr/local/texlive/2016/texmf-dist/tex/latex/parskip/parskip.sty
Package: parskip 2001/04/09 non-zero parskip adjustments
)
(/usr/local/texlive/2016/texmf-dist/tex/latex/graphics/graphicx.sty
Package: graphicx 2014/10/28 v1.0g Enhanced LaTeX Graphics (DPC,SPQR)

(/usr/local/texlive/2016/texmf-dist/tex/latex/graphics/graphics.sty
Package: graphics 2016/10/09 v1.0u Standard LaTeX Graphics (DPC,SPQR)

(/usr/local/texlive/2016/texmf-dist/tex/latex/graphics/trig.sty
Package: trig 2016/01/03 v1.10 sin cos tan (DPC)
)
(/usr/local/texlive/2016/texmf-dist/tex/latex/graphics-cfg/graphics.cfg
File: graphics.cfg 2016/06/04 v1.11 sample graphics configuration
)
Package graphics Info: Driver file: pdftex.def on input line 99.

(/usr/local/texlive/2016/texmf-dist/tex/latex/graphics-def/pdftex.def
File: pdftex.def 2017/01/12 v0.06k Graphics/color for pdfTeX

(/usr/local/texlive/2016/texmf-dist/tex/generic/oberdiek/infwarerr.sty
Package: infwarerr 2016/05/16 v1.4 Providing info/warning/error messages (HO)
)
(/usr/local/texlive/2016/texmf-dist/tex/generic/oberdiek/ltxcmds.sty
Package: ltxcmds 2016/05/16 v1.23 LaTeX kernel commands for general use (HO)
)
\Gread@gobject=\count92
))
\Gin@req@height=\dimen111
\Gin@req@width=\dimen112
)
(/usr/local/texlive/2016/texmf-dist/tex/latex/amsfonts/amssymb.sty
Package: amssymb 2013/01/14 v3.01 AMS font symbols

(/usr/local/texlive/2016/texmf-dist/tex/latex/amsfonts/amsfonts.sty
Package: amsfonts 2013/01/14 v3.01 Basic AMSFonts support
\@emptytoks=\toks16
\symAMSa=\mathgroup4
\symAMSb=\mathgroup5
LaTeX Font Info:    Overwriting math alphabet `\mathfrak' in version `bold'
(Font)                  U/euf/m/n --> U/euf/b/n on input line 106.
))
(/Users/marcelruland/Library/texmf/tex/latex/pgf/frontendlayer/tikz.sty
(/Users/marcelruland/Library/texmf/tex/latex/pgf/basiclayer/pgf.sty
(/Users/marcelruland/Library/texmf/tex/latex/pgf/utilities/pgfrcs.sty
(/Users/marcelruland/Library/texmf/tex/generic/pgf/utilities/pgfutil-common.tex
\pgfutil@everybye=\toks17
\pgfutil@tempdima=\dimen113
\pgfutil@tempdimb=\dimen114

(/Users/marcelruland/Library/texmf/tex/generic/pgf/utilities/pgfutil-common-lis
ts.tex))
(/Users/marcelruland/Library/texmf/tex/generic/pgf/utilities/pgfutil-latex.def
\pgfutil@abb=\box26

(/usr/local/texlive/2016/texmf-dist/tex/latex/ms/everyshi.sty
Package: everyshi 2001/05/15 v3.00 EveryShipout Package (MS)
))
(/Users/marcelruland/Library/texmf/tex/generic/pgf/utilities/pgfrcs.code.tex
Package: pgfrcs 2015/08/07 v3.0.1a (rcs-revision 1.31)
))
Package: pgf 2015/08/07 v3.0.1a (rcs-revision 1.15)

(/Users/marcelruland/Library/texmf/tex/latex/pgf/basiclayer/pgfcore.sty
(/Users/marcelruland/Library/texmf/tex/latex/pgf/systemlayer/pgfsys.sty
(/Users/marcelruland/Library/texmf/tex/generic/pgf/systemlayer/pgfsys.code.tex
Package: pgfsys 2014/07/09 v3.0.1a (rcs-revision 1.48)

(/Users/marcelruland/Library/texmf/tex/generic/pgf/utilities/pgfkeys.code.tex
\pgfkeys@pathtoks=\toks18
\pgfkeys@temptoks=\toks19

(/Users/marcelruland/Library/texmf/tex/generic/pgf/utilities/pgfkeysfiltered.co
de.tex
\pgfkeys@tmptoks=\toks20
))
\pgf@x=\dimen115
\pgf@y=\dimen116
\pgf@xa=\dimen117
\pgf@ya=\dimen118
\pgf@xb=\dimen119
\pgf@yb=\dimen120
\pgf@xc=\dimen121
\pgf@yc=\dimen122
\w@pgf@writea=\write3
\r@pgf@reada=\read1
\c@pgf@counta=\count93
\c@pgf@countb=\count94
\c@pgf@countc=\count95
\c@pgf@countd=\count96
\t@pgf@toka=\toks21
\t@pgf@tokb=\toks22
\t@pgf@tokc=\toks23
 (/Users/marcelruland/Library/texmf/tex/generic/pgf/systemlayer/pgf.cfg
File: pgf.cfg 2008/05/14  (rcs-revision 1.7)
)
Driver file for pgf: pgfsys-pdftex.def

(/Users/marcelruland/Library/texmf/tex/generic/pgf/systemlayer/pgfsys-pdftex.de
f
File: pgfsys-pdftex.def 2014/10/11  (rcs-revision 1.35)

(/Users/marcelruland/Library/texmf/tex/generic/pgf/systemlayer/pgfsys-common-pd
f.def
File: pgfsys-common-pdf.def 2013/10/10  (rcs-revision 1.13)
)))
(/Users/marcelruland/Library/texmf/tex/generic/pgf/systemlayer/pgfsyssoftpath.c
ode.tex
File: pgfsyssoftpath.code.tex 2013/09/09  (rcs-revision 1.9)
\pgfsyssoftpath@smallbuffer@items=\count97
\pgfsyssoftpath@bigbuffer@items=\count98
)
(/Users/marcelruland/Library/texmf/tex/generic/pgf/systemlayer/pgfsysprotocol.c
ode.tex
File: pgfsysprotocol.code.tex 2006/10/16  (rcs-revision 1.4)
)) (/usr/local/texlive/2016/texmf-dist/tex/latex/xcolor/xcolor.sty
Package: xcolor 2016/05/11 v2.12 LaTeX color extensions (UK)

(/usr/local/texlive/2016/texmf-dist/tex/latex/graphics-cfg/color.cfg
File: color.cfg 2016/01/02 v1.6 sample color configuration
)
Package xcolor Info: Driver file: pdftex.def on input line 225.
Package xcolor Info: Model `cmy' substituted by `cmy0' on input line 1348.
Package xcolor Info: Model `hsb' substituted by `rgb' on input line 1352.
Package xcolor Info: Model `RGB' extended on input line 1364.
Package xcolor Info: Model `HTML' substituted by `rgb' on input line 1366.
Package xcolor Info: Model `Hsb' substituted by `hsb' on input line 1367.
Package xcolor Info: Model `tHsb' substituted by `hsb' on input line 1368.
Package xcolor Info: Model `HSB' substituted by `hsb' on input line 1369.
Package xcolor Info: Model `Gray' substituted by `gray' on input line 1370.
Package xcolor Info: Model `wave' substituted by `hsb' on input line 1371.
)
(/Users/marcelruland/Library/texmf/tex/generic/pgf/basiclayer/pgfcore.code.tex
Package: pgfcore 2010/04/11 v3.0.1a (rcs-revision 1.7)

(/Users/marcelruland/Library/texmf/tex/generic/pgf/math/pgfmath.code.tex
(/Users/marcelruland/Library/texmf/tex/generic/pgf/math/pgfmathcalc.code.tex
(/Users/marcelruland/Library/texmf/tex/generic/pgf/math/pgfmathutil.code.tex)
(/Users/marcelruland/Library/texmf/tex/generic/pgf/math/pgfmathparser.code.tex
\pgfmath@dimen=\dimen123
\pgfmath@count=\count99
\pgfmath@box=\box27
\pgfmath@toks=\toks24
\pgfmath@stack@operand=\toks25
\pgfmath@stack@operation=\toks26
)
(/Users/marcelruland/Library/texmf/tex/generic/pgf/math/pgfmathfunctions.code.t
ex
(/Users/marcelruland/Library/texmf/tex/generic/pgf/math/pgfmathfunctions.basic.
code.tex)
(/Users/marcelruland/Library/texmf/tex/generic/pgf/math/pgfmathfunctions.trigon
ometric.code.tex)
(/Users/marcelruland/Library/texmf/tex/generic/pgf/math/pgfmathfunctions.random
.code.tex)
(/Users/marcelruland/Library/texmf/tex/generic/pgf/math/pgfmathfunctions.compar
ison.code.tex)
(/Users/marcelruland/Library/texmf/tex/generic/pgf/math/pgfmathfunctions.base.c
ode.tex)
(/Users/marcelruland/Library/texmf/tex/generic/pgf/math/pgfmathfunctions.round.
code.tex)
(/Users/marcelruland/Library/texmf/tex/generic/pgf/math/pgfmathfunctions.misc.c
ode.tex)
(/Users/marcelruland/Library/texmf/tex/generic/pgf/math/pgfmathfunctions.intege
rarithmetics.code.tex)))
(/Users/marcelruland/Library/texmf/tex/generic/pgf/math/pgfmathfloat.code.tex
\c@pgfmathroundto@lastzeros=\count100
))
(/Users/marcelruland/Library/texmf/tex/generic/pgf/basiclayer/pgfcorepoints.cod
e.tex
File: pgfcorepoints.code.tex 2013/10/07  (rcs-revision 1.27)
\pgf@picminx=\dimen124
\pgf@picmaxx=\dimen125
\pgf@picminy=\dimen126
\pgf@picmaxy=\dimen127
\pgf@pathminx=\dimen128
\pgf@pathmaxx=\dimen129
\pgf@pathminy=\dimen130
\pgf@pathmaxy=\dimen131
\pgf@xx=\dimen132
\pgf@xy=\dimen133
\pgf@yx=\dimen134
\pgf@yy=\dimen135
\pgf@zx=\dimen136
\pgf@zy=\dimen137
)
(/Users/marcelruland/Library/texmf/tex/generic/pgf/basiclayer/pgfcorepathconstr
uct.code.tex
File: pgfcorepathconstruct.code.tex 2013/10/07  (rcs-revision 1.29)
\pgf@path@lastx=\dimen138
\pgf@path@lasty=\dimen139
)
(/Users/marcelruland/Library/texmf/tex/generic/pgf/basiclayer/pgfcorepathusage.
code.tex
File: pgfcorepathusage.code.tex 2014/11/02  (rcs-revision 1.24)
\pgf@shorten@end@additional=\dimen140
\pgf@shorten@start@additional=\dimen141
)
(/Users/marcelruland/Library/texmf/tex/generic/pgf/basiclayer/pgfcorescopes.cod
e.tex
File: pgfcorescopes.code.tex 2015/05/08  (rcs-revision 1.46)
\pgfpic=\box28
\pgf@hbox=\box29
\pgf@layerbox@main=\box30
\pgf@picture@serial@count=\count101
)
(/Users/marcelruland/Library/texmf/tex/generic/pgf/basiclayer/pgfcoregraphicsta
te.code.tex
File: pgfcoregraphicstate.code.tex 2014/11/02  (rcs-revision 1.12)
\pgflinewidth=\dimen142
)
(/Users/marcelruland/Library/texmf/tex/generic/pgf/basiclayer/pgfcoretransforma
tions.code.tex
File: pgfcoretransformations.code.tex 2015/08/07  (rcs-revision 1.20)
\pgf@pt@x=\dimen143
\pgf@pt@y=\dimen144
\pgf@pt@temp=\dimen145
)
(/Users/marcelruland/Library/texmf/tex/generic/pgf/basiclayer/pgfcorequick.code
.tex
File: pgfcorequick.code.tex 2008/10/09  (rcs-revision 1.3)
)
(/Users/marcelruland/Library/texmf/tex/generic/pgf/basiclayer/pgfcoreobjects.co
de.tex
File: pgfcoreobjects.code.tex 2006/10/11  (rcs-revision 1.2)
)
(/Users/marcelruland/Library/texmf/tex/generic/pgf/basiclayer/pgfcorepathproces
sing.code.tex
File: pgfcorepathprocessing.code.tex 2013/09/09  (rcs-revision 1.9)
)
(/Users/marcelruland/Library/texmf/tex/generic/pgf/basiclayer/pgfcorearrows.cod
e.tex
File: pgfcorearrows.code.tex 2015/05/14  (rcs-revision 1.43)
\pgfarrowsep=\dimen146
)
(/Users/marcelruland/Library/texmf/tex/generic/pgf/basiclayer/pgfcoreshade.code
.tex
File: pgfcoreshade.code.tex 2013/07/15  (rcs-revision 1.15)
\pgf@max=\dimen147
\pgf@sys@shading@range@num=\count102
)
(/Users/marcelruland/Library/texmf/tex/generic/pgf/basiclayer/pgfcoreimage.code
.tex
File: pgfcoreimage.code.tex 2013/07/15  (rcs-revision 1.18)

(/Users/marcelruland/Library/texmf/tex/generic/pgf/basiclayer/pgfcoreexternal.c
ode.tex
File: pgfcoreexternal.code.tex 2014/07/09  (rcs-revision 1.21)
\pgfexternal@startupbox=\box31
))
(/Users/marcelruland/Library/texmf/tex/generic/pgf/basiclayer/pgfcorelayers.cod
e.tex
File: pgfcorelayers.code.tex 2013/07/18  (rcs-revision 1.7)
)
(/Users/marcelruland/Library/texmf/tex/generic/pgf/basiclayer/pgfcoretransparen
cy.code.tex
File: pgfcoretransparency.code.tex 2013/09/30  (rcs-revision 1.5)
)
(/Users/marcelruland/Library/texmf/tex/generic/pgf/basiclayer/pgfcorepatterns.c
ode.tex
File: pgfcorepatterns.code.tex 2013/11/07  (rcs-revision 1.5)
)))
(/Users/marcelruland/Library/texmf/tex/generic/pgf/modules/pgfmoduleshapes.code
.tex
File: pgfmoduleshapes.code.tex 2014/03/21  (rcs-revision 1.35)
\pgfnodeparttextbox=\box32
)
(/Users/marcelruland/Library/texmf/tex/generic/pgf/modules/pgfmoduleplot.code.t
ex
File: pgfmoduleplot.code.tex 2015/08/03  (rcs-revision 1.13)
)
(/Users/marcelruland/Library/texmf/tex/latex/pgf/compatibility/pgfcomp-version-
0-65.sty
Package: pgfcomp-version-0-65 2007/07/03 v3.0.1a (rcs-revision 1.7)
\pgf@nodesepstart=\dimen148
\pgf@nodesepend=\dimen149
)
(/Users/marcelruland/Library/texmf/tex/latex/pgf/compatibility/pgfcomp-version-
1-18.sty
Package: pgfcomp-version-1-18 2007/07/23 v3.0.1a (rcs-revision 1.1)
))
(/Users/marcelruland/Library/texmf/tex/latex/pgf/utilities/pgffor.sty
(/Users/marcelruland/Library/texmf/tex/latex/pgf/utilities/pgfkeys.sty
(/Users/marcelruland/Library/texmf/tex/generic/pgf/utilities/pgfkeys.code.tex))
(/Users/marcelruland/Library/texmf/tex/latex/pgf/math/pgfmath.sty
(/Users/marcelruland/Library/texmf/tex/generic/pgf/math/pgfmath.code.tex))
(/Users/marcelruland/Library/texmf/tex/generic/pgf/utilities/pgffor.code.tex
Package: pgffor 2013/12/13 v3.0.1a (rcs-revision 1.25)

(/Users/marcelruland/Library/texmf/tex/generic/pgf/math/pgfmath.code.tex)
\pgffor@iter=\dimen150
\pgffor@skip=\dimen151
\pgffor@stack=\toks27
\pgffor@toks=\toks28
))
(/Users/marcelruland/Library/texmf/tex/generic/pgf/frontendlayer/tikz/tikz.code
.tex
Package: tikz 2015/08/07 v3.0.1a (rcs-revision 1.151)

(/Users/marcelruland/Library/texmf/tex/generic/pgf/libraries/pgflibraryplothand
lers.code.tex
File: pgflibraryplothandlers.code.tex 2013/08/31 v3.0.1a (rcs-revision 1.20)
\pgf@plot@mark@count=\count103
\pgfplotmarksize=\dimen152
)
\tikz@lastx=\dimen153
\tikz@lasty=\dimen154
\tikz@lastxsaved=\dimen155
\tikz@lastysaved=\dimen156
\tikzleveldistance=\dimen157
\tikzsiblingdistance=\dimen158
\tikz@figbox=\box33
\tikz@figbox@bg=\box34
\tikz@tempbox=\box35
\tikz@tempbox@bg=\box36
\tikztreelevel=\count104
\tikznumberofchildren=\count105
\tikznumberofcurrentchild=\count106
\tikz@fig@count=\count107

(/Users/marcelruland/Library/texmf/tex/generic/pgf/modules/pgfmodulematrix.code
.tex
File: pgfmodulematrix.code.tex 2013/09/17  (rcs-revision 1.8)
\pgfmatrixcurrentrow=\count108
\pgfmatrixcurrentcolumn=\count109
\pgf@matrix@numberofcolumns=\count110
)
\tikz@expandcount=\count111

(/Users/marcelruland/Library/texmf/tex/generic/pgf/frontendlayer/tikz/libraries
/tikzlibrarytopaths.code.tex
File: tikzlibrarytopaths.code.tex 2008/06/17 v3.0.1a (rcs-revision 1.2)
)))
(/usr/local/texlive/2016/texmf-dist/tex/latex/adjustbox/adjustbox.sty
Package: adjustbox 2012/05/21 v1.0 Adjusting TeX boxes (trim, clip, ...)

(/usr/local/texlive/2016/texmf-dist/tex/latex/xkeyval/xkeyval.sty
Package: xkeyval 2014/12/03 v2.7a package option processing (HA)

(/usr/local/texlive/2016/texmf-dist/tex/generic/xkeyval/xkeyval.tex
(/usr/local/texlive/2016/texmf-dist/tex/generic/xkeyval/xkvutils.tex
\XKV@toks=\toks29
\XKV@tempa@toks=\toks30
)
\XKV@depth=\count112
File: xkeyval.tex 2014/12/03 v2.7a key=value parser (HA)
))
(/usr/local/texlive/2016/texmf-dist/tex/latex/adjustbox/adjcalc.sty
Package: adjcalc 2012/05/16 v1.1 Provides advanced setlength with multiple back
-ends (calc, etex, pgfmath)
)
(/usr/local/texlive/2016/texmf-dist/tex/latex/adjustbox/trimclip.sty
Package: trimclip 2012/05/16 v1.0 Trim and clip general TeX material

(/usr/local/texlive/2016/texmf-dist/tex/latex/collectbox/collectbox.sty
Package: collectbox 2012/05/17 v0.4b Collect macro arguments as boxes
\collectedbox=\box37
)
\tc@llx=\dimen159
\tc@lly=\dimen160
\tc@urx=\dimen161
\tc@ury=\dimen162
Package trimclip Info: Using driver 'tc-pdftex.def'.

(/usr/local/texlive/2016/texmf-dist/tex/latex/adjustbox/tc-pdftex.def
File: tc-pdftex.def 2012/05/13 v1.0 Clipping driver for pdftex
))
\adjbox@Width=\dimen163
\adjbox@Height=\dimen164
\adjbox@Depth=\dimen165
\adjbox@Totalheight=\dimen166

(/usr/local/texlive/2016/texmf-dist/tex/latex/ifoddpage/ifoddpage.sty
Package: ifoddpage 2016/04/23 v1.1 Conditionals for odd/even page detection
\c@checkoddpage=\count113
LaTeX Info: Redefining \checkoddpage on input line 45.
)
(/usr/local/texlive/2016/texmf-dist/tex/latex/varwidth/varwidth.sty
Package: varwidth 2009/03/30 ver 0.92;  Variable-width minipages
\@vwid@box=\box38
\sift@deathcycles=\count114
\@vwid@loff=\dimen167
\@vwid@roff=\dimen168
))
(/usr/local/texlive/2016/texmf-dist/tex/latex/ifplatform/ifplatform.sty
Package: ifplatform 2010/10/22 v0.4 Testing for the operating system

(/usr/local/texlive/2016/texmf-dist/tex/generic/oberdiek/pdftexcmds.sty
Package: pdftexcmds 2016/05/21 v0.22 Utility functions of pdfTeX for LuaTeX (HO
)

(/usr/local/texlive/2016/texmf-dist/tex/generic/oberdiek/ifluatex.sty
Package: ifluatex 2016/05/16 v1.4 Provides the ifluatex switch (HO)
Package ifluatex Info: LuaTeX not detected.
)
Package pdftexcmds Info: LuaTeX not detected.
Package pdftexcmds Info: \pdf@primitive is available.
Package pdftexcmds Info: \pdf@ifprimitive is available.
Package pdftexcmds Info: \pdfdraftmode found.
)
(/usr/local/texlive/2016/texmf-dist/tex/generic/oberdiek/catchfile.sty
Package: catchfile 2016/05/16 v1.7 Catch the contents of a file (HO)

(/usr/local/texlive/2016/texmf-dist/tex/generic/oberdiek/etexcmds.sty
Package: etexcmds 2016/05/16 v1.6 Avoid name clashes with e-TeX commands (HO)
Package etexcmds Info: Could not find \expanded.
(etexcmds)             That can mean that you are not using pdfTeX 1.50 or
(etexcmds)             that some package has redefined \expanded.
(etexcmds)             In the latter case, load this package earlier.
))
runsystem(uname -s > "CorpLangPosterLargeFont.w18")...executed.


(./CorpLangPosterLargeFont.w18)
runsystem(rm -- "CorpLangPosterLargeFont.w18")...executed.

)
(/usr/local/texlive/2016/texmf-dist/tex/latex/auto-pst-pdf/auto-pst-pdf.sty
Package: auto-pst-pdf 2009/04/26 v0.6 Wrapper for pst-pdf
\c@app@runs=\count115
runsystem(echo " ")...executed.

runsystem(echo "-------------------------------------------------")...executed.

runsystem(echo "auto-pst-pdf: Auxiliary LaTeX compilation")...executed.

runsystem(echo "-------------------------------------------------")...executed.

runsystem(rm -- "CorpLangPosterLargeFont-pics.pdf")...executed.

runsystem(latex -no-shell-escape -jobname="CorpLangPosterLargeFont-autopp" -int
eraction=batchmode  "\let \APPmakepictures \empty \input  CorpLangPosterLargeFo
nt.tex")...executed.

runsystem(dvips -Ppdf -o "CorpLangPosterLargeFont-autopp.ps" "CorpLangPosterLar
geFont-autopp.dvi")...executed.

runsystem(ps2pdf -dAutoRotatePages=/None "CorpLangPosterLargeFont-autopp.ps" "C
orpLangPosterLargeFont-autopp.pdf")...executed.

runsystem(pdfcrop  "CorpLangPosterLargeFont-autopp.pdf" "CorpLangPosterLargeFon
t-pics.pdf")...executed.

runsystem(rm -- "CorpLangPosterLargeFont-autopp.log")...executed.

runsystem(rm -- "CorpLangPosterLargeFont-autopp.dvi")...executed.

runsystem(rm -- "CorpLangPosterLargeFont-autopp.ps")...executed.

runsystem(rm -- "CorpLangPosterLargeFont-autopp.pdf")...executed.

runsystem(echo "-------------------------------------------------")...executed.

runsystem(echo "auto-pst-pdf: End auxiliary LaTeX compilation")...executed.

runsystem(echo "-------------------------------------------------")...executed.


(/usr/local/texlive/2016/texmf-dist/tex/latex/pst-pdf/pst-pdf.sty
Package: pst-pdf 2017/02/25 v1.2b PS graphics for pdfLaTeX (RN,HjG)

(/usr/local/texlive/2016/texmf-dist/tex/generic/luatex85/luatex85.sty
Package: luatex85 2016/06/15 v1.4 pdftex aliases for luatex
)
\c@pspicture=\count116
Package pst-pdf Info: MODE: 1 (pdfTeX mode) on input line 213.

(/usr/local/texlive/2016/texmf-dist/tex/latex/pstricks/pstricks.sty
Package: pstricks 2015/11/14 v0.62 LaTeX wrapper for `PSTricks' (RN,HV)

(/usr/local/texlive/2016/texmf-dist/tex/generic/pstricks/pstricks.tex
(/usr/local/texlive/2016/texmf-dist/tex/generic/xkeyval/pst-xkey.tex
File: pst-xkey.tex 2005/11/25 v1.6 PSTricks specialization of xkeyval (HA)
)
(/usr/local/texlive/2016/texmf-dist/tex/generic/pstricks/pst-fp.tex
`pst-fp' v0.05, 2010/01/17 (hv)
\pstFP@xs=\count117
\pstFP@xia=\count118
\pstFP@xib=\count119
\pstFP@xfa=\count120
\pstFP@xfb=\count121
\pstFP@rega=\count122
\pstFP@regb=\count123
\pstFP@regs=\count124
\pstFP@times=\count125
)
(/Users/marcelruland/Library/texmf/tex/generic/pgf/utilities/pgfutil-common.tex
\pgfutil@everybye=\toks31
\pgfutil@tempdima=\dimen169
\pgfutil@tempdimb=\dimen170

(/Users/marcelruland/Library/texmf/tex/generic/pgf/utilities/pgfutil-common-lis
ts.tex))
(/Users/marcelruland/Library/texmf/tex/generic/pgf/utilities/pgfkeys.code.tex)
(/Users/marcelruland/Library/texmf/tex/generic/pgf/utilities/pgffor.code.tex
(/Users/marcelruland/Library/texmf/tex/generic/pgf/math/pgfmath.code.tex)
\pgffor@iter=\dimen171
\pgffor@skip=\dimen172
\pgffor@stack=\toks32
\pgffor@toks=\toks33
)
\psLoopIndex=\count126

`PSTricks' v2.71  <2016/12/23> (tvz)
\pst@dima=\dimen173
\pst@dimb=\dimen174
\pst@dimc=\dimen175
\pst@dimd=\dimen176
\pst@dimg=\dimen177
\pst@dimh=\dimen178
\pst@dimm=\dimen179
\pst@dimn=\dimen180
\pst@dimo=\dimen181
\pst@dimp=\dimen182
\pst@hbox=\box39
\pst@ibox=\box40
\pst@boxg=\box41
\pst@cnta=\count127
\pst@cntb=\count128
\pst@cntc=\count129
\pst@cntd=\count130
\pst@cntg=\count131
\pst@cnth=\count132
\pst@cntm=\count133
\pst@cntn=\count134
\pst@cnto=\count135
\pst@cntp=\count136
\@zero=\count137
\pst@toks=\toks34
(/usr/local/texlive/2016/texmf-dist/tex/generic/pstricks/pstricks.con)
\psunit=\dimen183
\psxunit=\dimen184
\psyunit=\dimen185
\pst@C@@rType=\count138
\pslinewidth=\dimen186
\psk@startLW=\dimen187
\psk@endLW=\dimen188
\pst@customdefs=\toks35
\pslinearc=\dimen189
\pst@symbolStep=\dimen190
\pst@symbolWidth=\dimen191
\pst@symbolLinewidth=\dimen192
\everypsbox=\toks36
\psframesep=\dimen193
\pslabelsep=\dimen194
\sh@wgridXunit=\dimen195
\sh@wgridYunit=\dimen196
\pst@shift=\dimen197
)
File: pstricks.tex 2016/12/23 v2.71 `PSTricks' (tvz,hv)

(/usr/local/texlive/2016/texmf-dist/tex/generic/pstricks/pst-fp.tex)
File: pst-fp.tex 2016/12/23 v2.71 `PST-fp' (hv)
)
\ppf@output=\toks37

(/usr/local/texlive/2016/texmf-dist/tex/latex/preview/preview.sty
Package: preview 2010/02/14 11.90 (AUCTeX/preview-latex)
\pr@snippet=\count139
\pr@box=\box42
\pr@output=\toks38
)
(/usr/local/texlive/2016/texmf-dist/tex/latex/graphics-def/dvips.def
File: dvips.def 2016/07/10 v3.1a Driver-dependent file (DPC,SPQR)
)
(/usr/local/texlive/2016/texmf-dist/tex/latex/environ/environ.sty
Package: environ 2014/05/04 v0.3 A new way to define environments

(/usr/local/texlive/2016/texmf-dist/tex/latex/trimspaces/trimspaces.sty
Package: trimspaces 2009/09/17 v1.1 Trim spaces around a token list
)
\@envbody=\toks39
)))
(/usr/local/texlive/2016/texmf-dist/tex/latex/pst-text/pst-text.sty
Package: pst-text 2006/01/01 package wrapper for pst-text.tex (hv)

(/usr/local/texlive/2016/texmf-dist/tex/generic/pst-text/pst-text.tex
 v1.00, 2006/11/05(tvz,hv))
File: pst-text.tex 2006/11/05 1.00 `pst-text' (tvz)
)
(/usr/local/texlive/2016/texmf-dist/tex/latex/pst-grad/pst-grad.sty
Package: pst-grad 2004/07/15 package wrapper for pst-grad.tex (hv)

(/usr/local/texlive/2016/texmf-dist/tex/generic/pst-grad/pst-grad.tex
`pst-grad' v1.06, 2006/11/27 (tvz,dg,hv))
File: pst-grad.tex 2006/11/27 1.06 `pst-grad' (tvz)
)
(/usr/local/texlive/2016/texmf-dist/tex/latex/eso-pic/eso-pic.sty
Package: eso-pic 2015/07/21 v2.0g eso-pic (RN)

(/usr/local/texlive/2016/texmf-dist/tex/generic/oberdiek/atbegshi.sty
Package: atbegshi 2016/06/09 v1.18 At begin shipout hook (HO)
))
(./CorpLangPosterLargeFont.aux)
\openout1 = `CorpLangPosterLargeFont.aux'.

LaTeX Font Info:    Checking defaults for OML/cmm/m/it on input line 46.
LaTeX Font Info:    ... okay on input line 46.
LaTeX Font Info:    Checking defaults for T1/cmr/m/n on input line 46.
LaTeX Font Info:    ... okay on input line 46.
LaTeX Font Info:    Checking defaults for OT1/cmr/m/n on input line 46.
LaTeX Font Info:    ... okay on input line 46.
LaTeX Font Info:    Checking defaults for OMS/cmsy/m/n on input line 46.
LaTeX Font Info:    ... okay on input line 46.
LaTeX Font Info:    Checking defaults for OMX/cmex/m/n on input line 46.
LaTeX Font Info:    ... okay on input line 46.
LaTeX Font Info:    Checking defaults for U/cmr/m/n on input line 46.
LaTeX Font Info:    ... okay on input line 46.
LaTeX Font Info:    Checking defaults for TS1/cmr/m/n on input line 46.
LaTeX Font Info:    ... okay on input line 46.

*geometry* driver: auto-detecting
*geometry* detected driver: pdftex
*geometry* verbose mode - [ preamble ] result:
* driver: pdftex
* paper: a2paper
* layout: <same size as paper>
* layoutoffset:(h,v)=(0.0pt,0.0pt)
* modes: 
* h-part:(L,W,R)=(213.39566pt, 768.22443pt, 213.39566pt)
* v-part:(T,H,B)=(113.81102pt, 1462.47165pt, 113.81102pt)
* \paperwidth=1195.01575pt
* \paperheight=1690.09369pt
* \textwidth=768.22443pt
* \textheight=1462.47165pt
* \oddsidemargin=141.12567pt
* \evensidemargin=141.12567pt
* \topmargin=4.54103pt
* \headheight=12.0pt
* \headsep=25.0pt
* \topskip=12.0pt
* \footskip=30.0pt
* \marginparwidth=44.0pt
* \marginparsep=10.0pt
* \columnsep=10.0pt
* \skip\footins=10.8pt plus 4.0pt minus 2.0pt
* \hoffset=0.0pt
* \voffset=0.0pt
* \mag=1000
* \@twocolumnfalse
* \@twosidefalse
* \@mparswitchfalse
* \@reversemarginfalse
* (1in=72.27pt=25.4mm, 1cm=28.453pt)

(/usr/local/texlive/2016/texmf-dist/tex/context/base/mkii/supp-pdf.mkii
[Loading MPS to PDF converter (version 2006.09.02).]
\scratchcounter=\count140
\scratchdimen=\dimen198
\scratchbox=\box43
\nofMPsegments=\count141
\nofMParguments=\count142
\everyMPshowfont=\toks40
\MPscratchCnt=\count143
\MPscratchDim=\dimen199
\MPnumerator=\count144
\makeMPintoPDFobject=\count145
\everyMPtoPDFconversion=\toks41
) ABD: EveryShipout initializing macros
Preview: Fontsize 12pt
Preview: PDFoutput 1
\AtBeginShipoutBox=\box44
<CorpLangPosterLargeFont-pics.pdf, id=5, page=1, 793.96625pt x 86.3225pt>
File: CorpLangPosterLargeFont-pics.pdf Graphic file (type pdf)

<use CorpLangPosterLargeFont-pics.pdf, page 1>
Package pdftex.def Info: CorpLangPosterLargeFont-pics.pdf, page1 used on input 
line 65.
(pdftex.def)             Requested size: 793.96431pt x 86.32227pt.

<UPB_LOGO_GB_CMYK_15.pdf, id=6, 541.02126pt x 145.54375pt>
File: UPB_LOGO_GB_CMYK_15.pdf Graphic file (type pdf)

<use UPB_LOGO_GB_CMYK_15.pdf>
Package pdftex.def Info: UPB_LOGO_GB_CMYK_15.pdf used on input line 96.
(pdftex.def)             Requested size: 268.88322pt x 72.3364pt.

Overfull \hbox (42.25842pt too wide) in paragraph at lines 96--97
 [][] 
 []

<background_blank_A4.pdf, id=7, 597.23125pt x 845.1575pt>
File: background_blank_A4.pdf Graphic file (type pdf)

<use background_blank_A4.pdf>
Package pdftex.def Info: background_blank_A4.pdf used on input line 98.
(pdftex.def)             Requested size: 1194.3411pt x 1690.14322pt.
 [1


Non-PDF special ignored!
Non-PDF special ignored!
Non-PDF special ignored!{/usr/local/texlive/2016/texmf-var/fonts/map/pdftex/upd
map/pdftex.map} <./background_blank_A4.pdf> <./CorpLangPosterLargeFont-pics.pdf
> <./UPB_LOGO_GB_CMYK_15.pdf>] (./CorpLangPosterLargeFont.aux) ) 
Here is how much of TeX's memory you used:
 15024 strings out of 493013
 291284 string characters out of 6133343
 340696 words of memory out of 5000000
 18234 multiletter control sequences out of 15000+600000
 6351 words of font info for 23 fonts, out of 8000000 for 9000
 1141 hyphenation exceptions out of 8191
 55i,13n,54p,434b,517s stack positions out of 5000i,500n,10000p,200000b,80000s
</usr/local/tex
live/2016/texmf-dist/fonts/type1/public/amsfonts/cm/cmss17.pfb></usr/local/texl
ive/2016/texmf-dist/fonts/type1/public/amsfonts/cm/cmssbx10.pfb>
Output written on CorpLangPosterLargeFont.pdf (1 page, 162161 bytes).
PDF statistics:
 54 PDF objects out of 1000 (max. 8388607)
 34 compressed objects within 1 object stream
 0 named destinations out of 1000 (max. 500000)
 21 words of extra memory for PDF output out of 10000 (max. 10000000)

